<?xml version="1.0" encoding="UTF-8"?>
<!-- Generated by org.testng.reporters.JUnitXMLReporter -->
<testsuite ignored="0" hostname="DESKTOP-477P5FH" failures="0" tests="1" name="SwagLabs" time="0.145" errors="0" timestamp="2023-12-22T13:00:18 PST">
  <testcase classname="testcases.TestBase" name="@BeforeTest setupDriver" time="-1.703278817979E9">
    <failure type="org.testng.TestNGException" message="
Parameter &amp;apos;browser&amp;apos; is required by BeforeTest on method setupDriver but has not been marked @Optional or defined
in C:\Users\DELL\AppData\Local\JetBrains\IdeaIC2023.2\temp-testng-customsuite.xml">
      <![CDATA[org.testng.TestNGException: 
Parameter 'browser' is required by BeforeTest on method setupDriver but has not been marked @Optional or defined
in C:\Users\DELL\AppData\Local\JetBrains\IdeaIC2023.2\temp-testng-customsuite.xml
at com.intellij.rt.testng.IDEARemoteTestNG.run(IDEARemoteTestNG.java:66)
at com.intellij.rt.testng.RemoteTestNGStarter.main(RemoteTestNGStarter.java:105)
... Removed 18 stack frames]]>
    </failure>
  </testcase> <!-- @BeforeTest setupDriver -->
  <testcase classname="testcases.TestBase" name="@AfterTest tearDown" time="0.0">
    <skipped/>
  </testcase> <!-- @AfterTest tearDown -->
  <testcase classname="testcases.TC001_Login" name="loginwithvaliddata_P" time="0.0">
    <skipped/>
  </testcase> <!-- loginwithvaliddata_P -->
</testsuite> <!-- SwagLabs -->
